15:13:31:324 [ALWAYS]	GUDE Logging Started
15:13:31:324 [INFO]	SqliteResumeCache::SqliteResumeCache basedirectory is null/empty
15:13:31:324 [ERROR]	SqliteResumeCache::CreateSqliteResumeCache creating resume cache pointer failure
15:13:31:324 [ERROR]	Initialize resume cache pointer failure
15:13:31:324 [INFO]	gude policy POLICY_USER limit (2,2,1) chunk 2097152, chunking (UL 0 DL 1), resXfer 1, adapt 0, NSURL 0, timeout 86400 
15:13:31:324 [INFO]	Initialized -- gude-lib version: v0.12.1 app: gude
15:13:38:830 [WARN]	Ignoring attempt to reinit logging to \gude at level 4 retaining 3 days of logs
15:13:38:830 [INFO]	SqliteResumeCache::SqliteResumeCache basedirectory is null/empty
15:13:38:830 [ERROR]	SqliteResumeCache::CreateSqliteResumeCache creating resume cache pointer failure
15:13:38:831 [ERROR]	Initialize resume cache pointer failure
15:13:38:831 [INFO]	gude policy POLICY_USER limit (4,4,1) chunk 2097152, chunking (UL 0 DL 1), resXfer 1, adapt 0, NSURL 1, timeout 86400 
15:13:38:831 [INFO]	Initialized -- gude-lib version: v0.12.1 app: gude
15:13:38:842 [WARN]	WGudeRequest::applyAutoDetectProxyAutoConfigSettings Failed to autodetect proxy settings. WinHTTP Unable To Download Script. last error code = 12167 
15:19:25:841 [ALWAYS]	GUDE Logging Started
15:19:25:841 [INFO]	SqliteResumeCache::SqliteResumeCache basedirectory is null/empty
15:19:25:841 [ERROR]	SqliteResumeCache::CreateSqliteResumeCache creating resume cache pointer failure
15:19:25:841 [ERROR]	Initialize resume cache pointer failure
15:19:25:841 [INFO]	gude policy POLICY_USER limit (2,2,1) chunk 2097152, chunking (UL 0 DL 1), resXfer 1, adapt 0, NSURL 0, timeout 86400 
15:19:25:841 [INFO]	Initialized -- gude-lib version: v0.12.1 app: gude
15:19:31:053 [WARN]	Ignoring attempt to reinit logging to \gude at level 4 retaining 3 days of logs
15:19:31:053 [INFO]	SqliteResumeCache::SqliteResumeCache basedirectory is null/empty
15:19:31:053 [ERROR]	SqliteResumeCache::CreateSqliteResumeCache creating resume cache pointer failure
15:19:31:053 [ERROR]	Initialize resume cache pointer failure
15:19:31:053 [INFO]	gude policy POLICY_USER limit (4,4,1) chunk 2097152, chunking (UL 0 DL 1), resXfer 1, adapt 0, NSURL 1, timeout 86400 
15:19:31:053 [INFO]	Initialized -- gude-lib version: v0.12.1 app: gude
15:19:31:055 [WARN]	WGudeRequest::applyAutoDetectProxyAutoConfigSettings Failed to autodetect proxy settings. WinHTTP Unable To Download Script. last error code = 12167 
